/usr/local/share/sandboxes/common/wings/ve/lib/python2.6/site-packages/django/contrib/admin/sites.py:470: DeprecationWarning: AdminSite.root() is deprecated; use include(admin.site.urls) instead.
  DeprecationWarning
/usr/local/share/sandboxes/common/wings/ve/lib/python2.6/site-packages/httplib2/__init__.py:29: DeprecationWarning: the md5 module is deprecated; use hashlib instead
  import md5
/usr/local/share/sandboxes/common/wings/ve/lib/python2.6/site-packages/httplib2/__init__.py:44: DeprecationWarning: the sha module is deprecated; use the hashlib module instead
  import sha
[19/Jan/2012 11:20:48] "GET /admin/wings_main/participant/86/ HTTP/1.1" 200 3911
[19/Jan/2012 11:20:48] "GET /site_media/css/main.css?site=forest HTTP/1.1" 304 0
[19/Jan/2012 11:20:48] "GET /admin/jsi18n/ HTTP/1.1" 200 1510
[19/Jan/2012 11:34:03] "GET /first/ HTTP/1.1" 302 0
[19/Jan/2012 11:34:03] "GET /welcome/ HTTP/1.1" 200 6709
[19/Jan/2012 11:34:03] "GET /site_media/css/main.css?site=forest HTTP/1.1" 304 0
[19/Jan/2012 11:34:03] "GET /site_media/css/print.css?site=forest HTTP/1.1" 200 2881
[19/Jan/2012 11:34:03] "GET /site_media/js/jquery-1.4.2.min.js HTTP/1.1" 200 72174
[19/Jan/2012 11:34:03] "GET /site_media/img/logo_ccnmtl_sidebar.gif HTTP/1.1" 200 1093
[19/Jan/2012 11:34:04] "GET /site_media/img/site_banner.png HTTP/1.1" 304 0
[19/Jan/2012 11:34:04] "GET /site_media/img/favicon.ico HTTP/1.1" 200 618
[19/Jan/2012 11:34:04] "GET /site_media/img/bullet.gif HTTP/1.1" 200 62
[19/Jan/2012 11:34:04] "GET /site_media/img/bullet_diamond.gif HTTP/1.1" 200 62
[19/Jan/2012 11:34:04] "GET /site_media/img/next_button_bg.png HTTP/1.1" 200 2854
[19/Jan/2012 11:34:15] "GET /exit_materials/ HTTP/1.1" 200 49735
[19/Jan/2012 11:34:16] "GET /site_media/css/main.css?site=forest HTTP/1.1" 304 0
[19/Jan/2012 11:34:16] "GET /site_media/css/print.css?site=forest HTTP/1.1" 304 0
[19/Jan/2012 11:34:16] "GET /site_media/img/ssnm_tree.jpg HTTP/1.1" 200 26558
[19/Jan/2012 11:34:16] "GET /site_media/img/bird_initial.png HTTP/1.1" 200 2949
[19/Jan/2012 11:34:16] "GET /site_media/img/emotional_icon.png HTTP/1.1" 200 1428
[19/Jan/2012 11:34:16] "GET /site_media/img/practical_icon.png HTTP/1.1" 200 1427
[19/Jan/2012 11:34:16] "GET /site_media/img/bird_selected.png HTTP/1.1" 200 5595
[19/Jan/2012 11:39:54] "GET /welcome/cycle-of-violence/ HTTP/1.1" 200 11201
[19/Jan/2012 11:39:55] "GET /site_media/css/main.css?site=forest HTTP/1.1" 304 0
[19/Jan/2012 11:39:55] "GET /site_media/css/print.css?site=forest HTTP/1.1" 304 0
[19/Jan/2012 11:39:55] "GET /site_media/js/jquery.jplayer.min.js HTTP/1.1" 200 42856
[19/Jan/2012 11:39:55] "GET /site_media/img/cycleofviolence-small.jpg HTTP/1.1" 200 53207
[19/Jan/2012 11:39:55] "GET /site_media/img/audio_button_bg.png HTTP/1.1" 200 4572
[19/Jan/2012 11:39:55] "GET /site_media/img/pause_audio_button_bg.png HTTP/1.1" 200 1901
[19/Jan/2012 11:39:55] "GET /site_media/img/rewind_audio_button_bg.png HTTP/1.1" 200 2188
[19/Jan/2012 11:39:55] "GET /site_media/img/previous_button_bg.png HTTP/1.1" 200 2874
[19/Jan/2012 11:39:55] "GET /site_media/swf/Jplayer.swf HTTP/1.1" 200 8452
[19/Jan/2012 11:39:57] "GET /welcome/types-of-conflict/ HTTP/1.1" 200 11077
[19/Jan/2012 11:39:57] "GET /site_media/css/main.css?site=forest HTTP/1.1" 304 0
[19/Jan/2012 11:39:57] "GET /site_media/css/print.css?site=forest HTTP/1.1" 304 0
[19/Jan/2012 11:39:57] "GET /uploads/images/2011/11/23/thumbs/powerandcontrol_jpg_600x600_q85.jpg HTTP/1.1" 200 40815
[19/Jan/2012 11:39:59] "GET /welcome/types-of-conflict/physical-abuse/ HTTP/1.1" 200 10710
[19/Jan/2012 11:39:59] "GET /site_media/css/main.css?site=forest HTTP/1.1" 304 0
[19/Jan/2012 11:39:59] "GET /site_media/css/print.css?site=forest HTTP/1.1" 304 0
[19/Jan/2012 11:39:59] "GET /uploads/images/2011/11/23/thumbs/powerandcontrol-phys_jpg_600x600_q85.jpg HTTP/1.1" 200 24585
[19/Jan/2012 11:40:18] "GET /welcome/types-of-conflict/emotional-abuse/ HTTP/1.1" 200 10717
[19/Jan/2012 11:40:18] "GET /site_media/css/main.css?site=forest HTTP/1.1" 304 0
[19/Jan/2012 11:40:18] "GET /site_media/css/print.css?site=forest HTTP/1.1" 304 0
[19/Jan/2012 11:40:18] "GET /uploads/images/2011/11/23/thumbs/powerandcontrol-emot_jpg_600x600_q85.jpg HTTP/1.1" 200 30096
[19/Jan/2012 11:40:21] "GET /welcome/how-common-it-is/ HTTP/1.1" 200 11301
[19/Jan/2012 11:40:21] "GET /site_media/css/main.css?site=forest HTTP/1.1" 304 0
[19/Jan/2012 11:40:21] "GET /site_media/css/print.css?site=forest HTTP/1.1" 304 0
[19/Jan/2012 11:40:21] "GET /site_media/img/decoration_images/img_2.jpg HTTP/1.1" 200 58288
[19/Jan/2012 13:04:11] "GET /welcome/negative-consequences/ HTTP/1.1" 200 11212
[19/Jan/2012 13:04:11] "GET /site_media/css/main.css?site=forest HTTP/1.1" 304 0
[19/Jan/2012 13:04:11] "GET /site_media/css/print.css?site=forest HTTP/1.1" 304 0
[19/Jan/2012 13:04:11] "GET /site_media/js/jquery-1.4.2.min.js HTTP/1.1" 304 0
[19/Jan/2012 13:04:11] "GET /site_media/js/jquery.jplayer.min.js HTTP/1.1" 304 0
[19/Jan/2012 13:04:11] "GET /site_media/img/decoration_images/img_7.jpg HTTP/1.1" 200 160859
[19/Jan/2012 13:04:12] "GET /site_media/img/site_banner.png HTTP/1.1" 304 0
[19/Jan/2012 13:04:12] "GET /site_media/img/logo_ccnmtl_sidebar.gif HTTP/1.1" 304 0
[19/Jan/2012 13:04:12] "GET /site_media/img/bullet.gif HTTP/1.1" 304 0
[19/Jan/2012 13:04:12] "GET /site_media/img/bullet_diamond.gif HTTP/1.1" 304 0
[19/Jan/2012 13:04:12] "GET /site_media/img/audio_button_bg.png HTTP/1.1" 304 0
[19/Jan/2012 13:04:12] "GET /site_media/img/pause_audio_button_bg.png HTTP/1.1" 304 0
[19/Jan/2012 13:04:12] "GET /site_media/img/rewind_audio_button_bg.png HTTP/1.1" 304 0
[19/Jan/2012 13:04:12] "GET /site_media/img/previous_button_bg.png HTTP/1.1" 304 0
[19/Jan/2012 13:04:12] "GET /site_media/img/next_button_bg.png HTTP/1.1" 304 0
[19/Jan/2012 13:04:12] "GET /site_media/swf/Jplayer.swf HTTP/1.1" 304 0
[19/Jan/2012 13:04:14] "GET /welcome/negative-cosequences-for-children/ HTTP/1.1" 200 11190
[19/Jan/2012 13:04:14] "GET /site_media/css/main.css?site=forest HTTP/1.1" 304 0
[19/Jan/2012 13:04:14] "GET /site_media/css/print.css?site=forest HTTP/1.1" 304 0
[19/Jan/2012 13:04:14] "GET /site_media/img/decoration_images/flying-bird-aqua.jpg HTTP/1.1" 200 178743
[19/Jan/2012 13:04:17] "GET /welcome/negative-consequences-and-alcohol-or-drugs/ HTTP/1.1" 200 11257
[19/Jan/2012 13:04:17] "GET /site_media/css/main.css?site=forest HTTP/1.1" 304 0
[19/Jan/2012 13:04:17] "GET /site_media/css/print.css?site=forest HTTP/1.1" 304 0
[19/Jan/2012 13:04:17] "GET /site_media/img/decoration_images/titmouse-blurry.jpg HTTP/1.1" 200 239859
[19/Jan/2012 13:04:19] "GET /welcome/anger-and-fighting-back/ HTTP/1.1" 200 11221
[19/Jan/2012 13:04:19] "GET /site_media/css/main.css?site=forest HTTP/1.1" 304 0
[19/Jan/2012 13:04:19] "GET /site_media/css/print.css?site=forest HTTP/1.1" 304 0
[19/Jan/2012 13:04:19] "GET /site_media/img/decoration_images/butterfly.jpg HTTP/1.1" 200 107877
[19/Jan/2012 13:04:21] "GET /welcome/video-talking-about-the-abuse/ HTTP/1.1" 200 6874
[19/Jan/2012 13:04:21] "GET /site_media/css/main.css?site=forest HTTP/1.1" 304 0
[19/Jan/2012 13:04:21] "GET /site_media/css/print.css?site=forest HTTP/1.1" 304 0
[19/Jan/2012 13:04:23] "GET /screening-for-ipv/ HTTP/1.1" 200 13611
[19/Jan/2012 13:04:23] "GET /site_media/css/main.css?site=forest HTTP/1.1" 304 0
[19/Jan/2012 13:04:23] "GET /site_media/css/print.css?site=forest HTTP/1.1" 304 0
[19/Jan/2012 13:04:23] "GET /site_media/img/decoration_images/butterflies.jpg HTTP/1.1" 200 180160
[19/Jan/2012 13:04:27] "GET /screening-for-ipv/relationship-satisfaction/ HTTP/1.1" 200 9837
[19/Jan/2012 13:04:28] "GET /site_media/css/main.css?site=forest HTTP/1.1" 304 0
[19/Jan/2012 13:04:28] "GET /site_media/css/print.css?site=forest HTTP/1.1" 304 0
[19/Jan/2012 13:04:28] "GET /site_media/img/decoration_images/purple-grasses.jpg HTTP/1.1" 200 185043
[19/Jan/2012 13:04:31] "GET /screening-for-ipv/relationship-satisfaction/question-1/ HTTP/1.1" 200 14812
[19/Jan/2012 13:04:31] "GET /site_media/css/main.css?site=forest HTTP/1.1" 304 0
[19/Jan/2012 13:04:31] "GET /site_media/css/print.css?site=forest HTTP/1.1" 304 0
[19/Jan/2012 13:04:31] "GET /site_media/img/decoration_images/img_1.jpg HTTP/1.1" 200 56193
